[    0.000000] Linux version 4.15.0-50-generic (buildd@lcy01-amd64-013) (gcc version 7.3.0 (Ubuntu 7.3.0-16ubuntu3)) #54-Ubuntu SMP Mon May 6 18:46:08 UTC 2019 (Ubuntu 4.15.0-50.54-generic 4.15.18)
[    0.000000] Command line: BOOT_IMAGE=/boot/vmlinuz-4.15.0-50-generic root=LABEL=cloudimg-rootfs ro console=tty1 console=ttyS0
[    0.000000] KERNEL supported cpus:
[    0.000000]   Intel GenuineIntel
[    0.000000]   AMD AuthenticAMD
[    0.000000]   Centaur CentaurHauls
[    0.000000] x86/fpu: Supporting XSAVE feature 0x001: 'x87 floating point registers'
[    0.000000] x86/fpu: Supporting XSAVE feature 0x002: 'SSE registers'
[    0.000000] x86/fpu: Supporting XSAVE feature 0x004: 'AVX registers'
[    0.000000] x86/fpu: xstate_offset[2]:  576, xstate_sizes[2]:  256
[    0.000000] x86/fpu: Enabled xstate features 0x7, context size is 832 bytes, using 'standard' format.
[    0.000000] e820: BIOS-provided physical RAM map:
[    0.000000] BIOS-e820: [mem 0x0000000000000000-0x000000000009fbff] usable
[    0.000000] BIOS-e820: [mem 0x000000000009fc00-0x000000000009ffff] reserved
[    0.000000] BIOS-e820: [mem 0x00000000000f0000-0x00000000000fffff] reserved
[    0.000000] BIOS-e820: [mem 0x0000000000100000-0x000000003ffeffff] usable
[    0.000000] BIOS-e820: [mem 0x000000003fff0000-0x000000003fffffff] ACPI data
[    0.000000] BIOS-e820: [mem 0x00000000fec00000-0x00000000fec00fff] reserved
[    0.000000] BIOS-e820: [mem 0x00000000fee00000-0x00000000fee00fff] reserved
[    0.000000] BIOS-e820: [mem 0x00000000fffc0000-0x00000000ffffffff] reserved
[    0.000000] NX (Execute Disable) protection: active
[    0.000000] SMBIOS 2.5 present.
[    0.000000] DMI: innotek GmbH VirtualBox/VirtualBox, BIOS VirtualBox 12/01/2006
[    0.000000] Hypervisor detected: KVM
[    0.000000] e820: last_pfn = 0x3fff0 max_arch_pfn = 0x400000000
[    0.000000] MTRR: Disabled
[    0.000000] x86/PAT: MTRRs disabled, skipping PAT initialization too.
[    0.000000] CPU MTRRs all blank - virtualized system.
[    0.000000] x86/PAT: Configuration [0-7]: WB  WT  UC- UC  WB  WT  UC- UC  
[    0.000000] found SMP MP-table at [mem 0x0009fff0-0x0009ffff] mapped at [        (ptrval)]
[    0.000000] Scanning 1 areas for low memory corruption
[    0.000000] RAMDISK: [mem 0x35add000-0x36d65fff]
[    0.000000] ACPI: Early table checksum verification disabled
[    0.000000] ACPI: RSDP 0x00000000000E0000 000024 (v02 VBOX  )
[    0.000000] ACPI: XSDT 0x000000003FFF0030 00003C (v01 VBOX   VBOXXSDT 00000001 ASL  00000061)
[    0.000000] ACPI: FACP 0x000000003FFF00F0 0000F4 (v04 VBOX   VBOXFACP 00000001 ASL  00000061)
[    0.000000] ACPI: DSDT 0x000000003FFF0470 0022EA (v02 VBOX   VBOXBIOS 00000002 INTL 20100528)
[    0.000000] ACPI: FACS 0x000000003FFF0200 000040
[    0.000000] ACPI: FACS 0x000000003FFF0200 000040
[    0.000000] ACPI: APIC 0x000000003FFF0240 00005C (v02 VBOX   VBOXAPIC 00000001 ASL  00000061)
[    0.000000] ACPI: SSDT 0x000000003FFF02A0 0001CC (v01 VBOX   VBOXCPUT 00000002 INTL 20100528)
[    0.000000] No NUMA configuration found
[    0.000000] Faking a node at [mem 0x0000000000000000-0x000000003ffeffff]
[    0.000000] NODE_DATA(0) allocated [mem 0x3ffc5000-0x3ffeffff]
[    0.000000] kvm-clock: cpu 0, msr 0:3ff44001, primary cpu clock
[    0.000000] kvm-clock: Using msrs 4b564d01 and 4b564d00
[    0.000000] kvm-clock: using sched offset of 4486331754 cycles
[    0.000000] clocksource: kvm-clock: mask: 0xffffffffffffffff max_cycles: 0x1cd42e4dffb, max_idle_ns: 881590591483 ns
[    0.000000] Zone ranges:
[    0.000000]   DMA      [mem 0x0000000000001000-0x0000000000ffffff]
[    0.000000]   DMA32    [mem 0x0000000001000000-0x000000003ffeffff]
[    0.000000]   Normal   empty
[    0.000000]   Device   empty
[    0.000000] Movable zone start for each node
[    0.000000] Early memory node ranges
[    0.000000]   node   0: [mem 0x0000000000001000-0x000000000009efff]
[    0.000000]   node   0: [mem 0x0000000000100000-0x000000003ffeffff]
[    0.000000] Reserved but unavailable: 114 pages
[    0.000000] Initmem setup node 0 [mem 0x0000000000001000-0x000000003ffeffff]
[    0.000000] ACPI: PM-Timer IO Port: 0x4008
[    0.000000] IOAPIC[0]: apic_id 2, version 32, address 0xfec00000, GSI 0-23
[    0.000000] ACPI: INT_SRC_OVR (bus 0 bus_irq 0 global_irq 2 dfl dfl)
[    0.000000] ACPI: INT_SRC_OVR (bus 0 bus_irq 9 global_irq 9 low level)
[    0.000000] Using ACPI (MADT) for SMP configuration information
[    0.000000] smpboot: Allowing 2 CPUs, 0 hotplug CPUs
[    0.000000] PM: Registered nosave memory: [mem 0x00000000-0x00000fff]
[    0.000000] PM: Registered nosave memory: [mem 0x0009f000-0x0009ffff]
[    0.000000] PM: Registered nosave memory: [mem 0x000a0000-0x000effff]
[    0.000000] PM: Registered nosave memory: [mem 0x000f0000-0x000fffff]
[    0.000000] e820: [mem 0x40000000-0xfebfffff] available for PCI devices
[    0.000000] Booting paravirtualized kernel on KVM
[    0.000000] clocksource: refined-jiffies: mask: 0xffffffff max_cycles: 0xffffffff, max_idle_ns: 7645519600211568 ns
[    0.000000] random: get_random_bytes called from start_kernel+0x99/0x4fd with crng_init=0
[    0.000000] setup_percpu: NR_CPUS:8192 nr_cpumask_bits:2 nr_cpu_ids:2 nr_node_ids:1
[    0.000000] percpu: Embedded 46 pages/cpu @        (ptrval) s151552 r8192 d28672 u1048576
[    0.000000] PV qspinlock hash table entries: 256 (order: 0, 4096 bytes)
[    0.000000] Built 1 zonelists, mobility grouping on.  Total pages: 257913
[    0.000000] Policy zone: DMA32
[    0.000000] Kernel command line: BOOT_IMAGE=/boot/vmlinuz-4.15.0-50-generic root=LABEL=cloudimg-rootfs ro console=tty1 console=ttyS0
[    0.000000] Memory: 983596K/1048120K available (12300K kernel code, 2474K rwdata, 4276K rodata, 2412K init, 2416K bss, 64524K reserved, 0K cma-reserved)
[    0.000000] SLUB: HWalign=64, Order=0-3, MinObjects=0, CPUs=2, Nodes=1
[    0.000000] Kernel/User page tables isolation: enabled
[    0.000000] ftrace: allocating 39233 entries in 154 pages
[    0.004000] Hierarchical RCU implementation.
[    0.004000] 	RCU restricting CPUs from NR_CPUS=8192 to nr_cpu_ids=2.
[    0.004000] 	Tasks RCU enabled.
[    0.004000] RCU: Adjusting geometry for rcu_fanout_leaf=16, nr_cpu_ids=2
[    0.004000] NR_IRQS: 524544, nr_irqs: 440, preallocated irqs: 16
[    0.004000] Console: colour VGA+ 80x25
[    0.004000] console [tty1] enabled
[    0.004000] console [ttyS0] enabled
[    0.004000] ACPI: Core revision 20170831
[    0.004000] ACPI: 2 ACPI AML tables successfully acquired and loaded
[    0.004000] APIC: Switch to symmetric I/O mode setup
[    0.004000] x2apic enabled
[    0.004000] Switched APIC routing to physical x2apic.
[    0.004000] ..TIMER: vector=0x30 apic1=0 pin1=2 apic2=-1 pin2=-1
[    0.004005] tsc: Detected 1800.003 MHz processor
[    0.005171] Calibrating delay loop (skipped) preset value.. 3600.00 BogoMIPS (lpj=7200012)
[    0.008006] pid_max: default: 32768 minimum: 301
[    0.009225] Security Framework initialized
[    0.010116] Yama: becoming mindful.
[    0.012040] AppArmor: AppArmor initialized
[    0.016043] Dentry cache hash table entries: 131072 (order: 8, 1048576 bytes)
[    0.020095] Inode-cache hash table entries: 65536 (order: 7, 524288 bytes)
[    0.022240] Mount-cache hash table entries: 2048 (order: 2, 16384 bytes)
[    0.024016] Mountpoint-cache hash table entries: 2048 (order: 2, 16384 bytes)
[    0.026466] mce: CPU supports 0 MCE banks
[    0.028021] Last level iTLB entries: 4KB 64, 2MB 8, 4MB 8
[    0.029432] Last level dTLB entries: 4KB 64, 2MB 0, 4MB 0, 1GB 4
[    0.031062] Spectre V2 : Mitigation: Full generic retpoline
[    0.032004] Spectre V2 : Spectre v2 / SpectreRSB mitigation: Filling RSB on context switch
[    0.033741] Speculative Store Bypass: Vulnerable
[    0.035075] MDS: Vulnerable: Clear CPU buffers attempted, no microcode
[    0.036093] Freeing SMP alternatives memory: 36K
[    0.040000] APIC calibration not consistent with PM-Timer: 98ms instead of 100ms
[    0.040000] APIC delta adjusted to PM-Timer: 6245264 (6173609)
[    0.040000] smpboot: CPU0: Intel(R) Core(TM) i5-8250U CPU @ 1.60GHz (family: 0x6, model: 0x8e, stepping: 0xa)
[    0.040000] Performance Events: unsupported p6 CPU model 142 no PMU driver, software events only.
[    0.040051] Hierarchical SRCU implementation.
[    0.041789] NMI watchdog: Perf event create on CPU 0 failed with -2
[    0.043061] NMI watchdog: Perf NMI watchdog permanently disabled
[    0.044063] smp: Bringing up secondary CPUs ...
[    0.045276] x86: Booting SMP configuration:
[    0.046178] .... node  #0, CPUs:      #1
[    0.004000] kvm-clock: cpu 1, msr 0:3ff44041, secondary cpu clock
[    0.004000] mce: CPU supports 0 MCE banks
[    0.051532] smp: Brought up 1 node, 2 CPUs
[    0.052010] smpboot: Max logical packages: 1
[    0.053261] smpboot: Total of 2 processors activated (7200.01 BogoMIPS)
[    0.054809] devtmpfs: initialized
[    0.056054] x86/mm: Memory block size: 128MB
[    0.057139] evm: security.selinux
[    0.057929] evm: security.SMACK64
[    0.058664] evm: security.SMACK64EXEC
[    0.059664] evm: security.SMACK64TRANSMUTE
[    0.060004] evm: security.SMACK64MMAP
[    0.060822] evm: security.apparmor
[    0.061577] evm: security.ima
[    0.064002] evm: security.capability
[    0.064836] clocksource: jiffies: mask: 0xffffffff max_cycles: 0xffffffff, max_idle_ns: 7645041785100000 ns
[    0.066019] futex hash table entries: 512 (order: 3, 32768 bytes)
[    0.068072] pinctrl core: initialized pinctrl subsystem
[    0.080074] RTC time: 12:00:33, date: 05/16/19
[    0.084193] NET: Registered protocol family 16
[    0.085290] audit: initializing netlink subsys (disabled)
[    0.088011] audit: type=2000 audit(1558008039.486:1): state=initialized audit_enabled=0 res=1
[    0.090033] cpuidle: using governor ladder
[    0.090033] cpuidle: using governor menu
[    0.092050] ACPI: bus type PCI registered
[    0.093017] acpiphp: ACPI Hot Plug PCI Controller Driver version: 0.5
[    0.094674] PCI: Using configuration type 1 for base access
[    0.097095] HugeTLB registered 2.00 MiB page size, pre-allocated 0 pages
[    0.097571] ACPI: Added _OSI(Module Device)
[    0.100010] ACPI: Added _OSI(Processor Device)
[    0.101507] ACPI: Added _OSI(3.0 _SCP Extensions)
[    0.102686] ACPI: Added _OSI(Processor Aggregator Device)
[    0.104005] ACPI: Added _OSI(Linux-Dell-Video)
[    0.104917] ACPI: Added _OSI(Linux-Lenovo-NV-HDMI-Audio)
[    0.106096] ACPI: Added _OSI(Linux-HPI-Hybrid-Graphics)
[    0.108323] ACPI: Executed 1 blocks of module-level executable AML code
[    0.117109] ACPI: Interpreter enabled
[    0.118690] ACPI: (supports S0 S5)
[    0.119454] ACPI: Using IOAPIC for interrupt routing
[    0.120284] PCI: Using host bridge windows from ACPI; if necessary, use "pci=nocrs" and report a bug
[    0.122376] ACPI: Enabled 2 GPEs in block 00 to 07
[    0.130274] ACPI: PCI Root Bridge [PCI0] (domain 0000 [bus 00-ff])
[    0.132010] acpi PNP0A03:00: _OSC: OS supports [ASPM ClockPM Segments MSI]
[    0.134282] acpi PNP0A03:00: _OSC: not requesting OS control; OS requires [ExtendedConfig ASPM ClockPM MSI]
[    0.136023] acpi PNP0A03:00: fail to add MMCONFIG information, can't access extended PCI configuration space under this bridge.
[    0.140422] PCI host bridge to bus 0000:00
[    0.141298] pci_bus 0000:00: root bus resource [io  0x0000-0x0cf7 window]
[    0.142658] pci_bus 0000:00: root bus resource [io  0x0d00-0xffff window]
[    0.144000] pci_bus 0000:00: root bus resource [mem 0x000a0000-0x000bffff window]
[    0.144007] pci_bus 0000:00: root bus resource [mem 0x40000000-0xfdffffff window]
[    0.145666] pci_bus 0000:00: root bus resource [bus 00-ff]
[    0.152376] pci 0000:00:01.1: legacy IDE quirk: reg 0x10: [io  0x01f0-0x01f7]
[    0.154447] pci 0000:00:01.1: legacy IDE quirk: reg 0x14: [io  0x03f6]
[    0.156004] pci 0000:00:01.1: legacy IDE quirk: reg 0x18: [io  0x0170-0x0177]
[    0.157684] pci 0000:00:01.1: legacy IDE quirk: reg 0x1c: [io  0x0376]
[    0.176021] pci 0000:00:07.0: quirk: [io  0x4000-0x403f] claimed by PIIX4 ACPI
[    0.177869] pci 0000:00:07.0: quirk: [io  0x4100-0x410f] claimed by PIIX4 SMB
[    0.186038] ACPI: PCI Interrupt Link [LNKA] (IRQs 5 9 10 *11)
[    0.187821] ACPI: PCI Interrupt Link [LNKB] (IRQs 5 9 *10 11)
[    0.188130] ACPI: PCI Interrupt Link [LNKC] (IRQs 5 *9 10 11)
[    0.189407] ACPI: PCI Interrupt Link [LNKD] (IRQs 5 9 10 *11)
[    0.192257] SCSI subsystem initialized
[    0.193095] pci 0000:00:02.0: vgaarb: setting as boot VGA device
[    0.193211] pci 0000:00:02.0: vgaarb: VGA device added: decodes=io+mem,owns=io+mem,locks=none
[    0.195028] pci 0000:00:02.0: vgaarb: bridge control possible
[    0.196013] vgaarb: loaded
[    0.196686] ACPI: bus type USB registered
[    0.197563] usbcore: registered new interface driver usbfs
[    0.198684] usbcore: registered new interface driver hub
[    0.200042] usbcore: registered new device driver usb
[    0.201278] EDAC MC: Ver: 3.0.0
[    0.204107] PCI: Using ACPI for IRQ routing
[    0.205267] NetLabel: Initializing
[    0.206116] NetLabel:  domain hash size = 128
[    0.207029] NetLabel:  protocols = UNLABELED CIPSOv4 CALIPSO
[    0.208024] NetLabel:  unlabeled traffic allowed by default
[    0.209210] clocksource: Switched to clocksource kvm-clock
[    0.267774] VFS: Disk quotas dquot_6.6.0
[    0.268719] VFS: Dquot-cache hash table entries: 512 (order 0, 4096 bytes)
[    0.270417] AppArmor: AppArmor Filesystem Enabled
[    0.271502] pnp: PnP ACPI init
[    0.273363] pnp: PnP ACPI: found 3 devices
[    0.284182] clocksource: acpi_pm: mask: 0xffffff max_cycles: 0xffffff, max_idle_ns: 2085701024 ns
[    0.286215] NET: Registered protocol family 2
[    0.306262] TCP established hash table entries: 8192 (order: 4, 65536 bytes)
[    0.308030] TCP bind hash table entries: 8192 (order: 5, 131072 bytes)
[    0.309619] TCP: Hash tables configured (established 8192 bind 8192)
[    0.311178] UDP hash table entries: 512 (order: 2, 16384 bytes)
[    0.312351] UDP-Lite hash table entries: 512 (order: 2, 16384 bytes)
[    0.313663] NET: Registered protocol family 1
[    0.314573] pci 0000:00:00.0: Limiting direct PCI/PCI transfers
[    0.315792] pci 0000:00:01.0: Activating ISA DMA hang workarounds
[    0.317320] pci 0000:00:02.0: Video device with shadowed ROM at [mem 0x000c0000-0x000dffff]
[    0.319207] Unpacking initramfs...
[    1.070374] Freeing initrd memory: 18980K
[    1.071509] clocksource: tsc: mask: 0xffffffffffffffff max_cycles: 0x19f22c73312, max_idle_ns: 440795259572 ns
[    1.073751] platform rtc_cmos: registered platform RTC device (no PNP device found)
[    1.075753] Scanning for low memory corruption every 60 seconds
[    1.077643] Initialise system trusted keyrings
[    1.078544] Key type blacklist registered
[    1.079482] workingset: timestamp_bits=36 max_order=18 bucket_order=0
[    1.081743] zbud: loaded
[    1.083101] squashfs: version 4.0 (2009/01/31) Phillip Lougher
[    1.084686] fuse init (API version 7.26)
[    1.088987] Key type asymmetric registered
[    1.089844] Asymmetric key parser 'x509' registered
[    1.090913] Block layer SCSI generic (bsg) driver version 0.4 loaded (major 246)
[    1.092522] io scheduler noop registered
[    1.093335] io scheduler deadline registered
[    1.094242] io scheduler cfq registered (default)
[    1.095586] ACPI: AC Adapter [AC] (on-line)
[    1.096720] input: Power Button as /devices/LNXSYSTM:00/LNXPWRBN:00/input/input0
[    1.098467] ACPI: Power Button [PWRF]
[    1.099649] input: Sleep Button as /devices/LNXSYSTM:00/LNXSLPBN:00/input/input1
[    1.101380] ACPI: Sleep Button [SLPF]
[    1.103266] ACPI: Battery Slot [BAT0] (battery present)
[    1.104478] Serial: 8250/16550 driver, 32 ports, IRQ sharing enabled
[    1.126598] 00:02: ttyS0 at I/O 0x3f8 (irq = 4, base_baud = 115200) is a 16550A
[    1.131652] Linux agpgart interface v0.103
[    1.133929] loop: module loaded
[    1.135175] scsi host0: ata_piix
[    1.135989] scsi host1: ata_piix
[    1.136715] ata1: PATA max UDMA/33 cmd 0x1f0 ctl 0x3f6 bmdma 0xd000 irq 14
[    1.138024] ata2: PATA max UDMA/33 cmd 0x170 ctl 0x376 bmdma 0xd008 irq 15
[    1.139695] libphy: Fixed MDIO Bus: probed
[    1.140614] tun: Universal TUN/TAP device driver, 1.6
[    1.141761] PPP generic driver version 2.4.2
[    1.142791] ehci_hcd: USB 2.0 'Enhanced' Host Controller (EHCI) Driver
[    1.144083] ehci-pci: EHCI PCI platform driver
[    1.145000] ehci-platform: EHCI generic platform driver
[    1.146036] ohci_hcd: USB 1.1 'Open' Host Controller (OHCI) Driver
[    1.147226] ohci-pci: OHCI PCI platform driver
[    1.148163] ohci-platform: OHCI generic platform driver
[    1.149694] uhci_hcd: USB Universal Host Controller Interface driver
[    1.151624] i8042: PNP: PS/2 Controller [PNP0303:PS2K,PNP0f03:PS2M] at 0x60,0x64 irq 1,12
[    1.154585] serio: i8042 KBD port at 0x60,0x64 irq 1
[    1.156033] serio: i8042 AUX port at 0x60,0x64 irq 12
[    1.157717] mousedev: PS/2 mouse device common for all mice
[    1.160613] input: AT Translated Set 2 keyboard as /devices/platform/i8042/serio0/input/input2
[    1.163180] rtc_cmos rtc_cmos: rtc core: registered rtc_cmos as rtc0
[    1.165070] rtc_cmos rtc_cmos: alarms up to one day, 114 bytes nvram
[    1.166728] i2c /dev entries driver
[    1.167527] pcie_mp2_amd: AMD(R) PCI-E MP2 Communication Driver Version: 1.0
[    1.169524] device-mapper: uevent: version 1.0.3
[    1.170769] device-mapper: ioctl: 4.37.0-ioctl (2017-09-20) initialised: dm-devel@redhat.com
[    1.172697] ledtrig-cpu: registered to indicate activity on CPUs
[    1.174233] NET: Registered protocol family 10
[    1.179468] Segment Routing with IPv6
[    1.180298] NET: Registered protocol family 17
[    1.181312] Key type dns_resolver registered
[    1.182419] RAS: Correctable Errors collector initialized.
[    1.183603] sched_clock: Marking stable (1182386453, 0)->(1517556641, -335170188)
[    1.186090] registered taskstats version 1
[    1.187144] Loading compiled-in X.509 certificates
[    1.190714] Loaded X.509 cert 'Build time autogenerated kernel key: 0d5cb4b7de8533fd8e7240d711ae9d354ea3dca1'
[    1.192765] zswap: loaded using pool lzo/zbud
[    1.196865] Key type big_key registered
[    1.197711] Key type trusted registered
[    1.200513] Key type encrypted registered
[    1.201405] AppArmor: AppArmor sha1 policy hashing enabled
[    1.202542] ima: No TPM chip found, activating TPM-bypass! (rc=-19)
[    1.203846] ima: Allocated hash algorithm: sha1
[    1.205081] evm: HMAC attrs: 0x1
[    1.206146]   Magic number: 3:429:26
[    1.207223] rtc_cmos rtc_cmos: setting system clock to 2019-05-16 12:00:35 UTC (1558008035)
[    1.209517] BIOS EDD facility v0.16 2004-Jun-25, 0 devices found
[    1.210817] EDD information not available.
[    1.303184] Freeing unused kernel image memory: 2412K
[    1.329113] Write protecting the kernel read-only data: 20480k
[    1.331133] Freeing unused kernel image memory: 2008K
[    1.332578] Freeing unused kernel image memory: 1868K
[    1.339887] x86/mm: Checked W+X mappings: passed, no W+X pages found.
[    1.341468] x86/mm: Checking user space page tables
[    1.348196] x86/mm: Checked W+X mappings: passed, no W+X pages found.
Loading, please wait...
starting version 237
[    1.419838] Fusion MPT base driver 3.04.20
[    1.420760] Copyright (c) 1999-2008 LSI Corporation
[    1.423712] e1000: Intel(R) PRO/1000 Network Driver - version 7.3.21-k8-NAPI
[    1.425160] e1000: Copyright (c) 1999-2006 Intel Corporation.
[    1.437782] AVX2 version of gcm_enc/dec engaged.
[    1.438744] AES CTR mode by8 optimization enabled
[    1.441225] Fusion MPT SPI Host driver 3.04.20
[    1.652648] input: ImExPS/2 Generic Explorer Mouse as /devices/platform/i8042/serio1/input/input4
[    2.110485] e1000 0000:00:03.0 eth0: (PCI:33MHz:32-bit) 02:86:97:5e:66:88
[    2.111824] e1000 0000:00:03.0 eth0: Intel(R) PRO/1000 Network Connection
[    2.114639] e1000 0000:00:03.0 enp0s3: renamed from eth0
[    2.116088] mptbase: ioc0: Initiating bringup
[    2.212792] ioc0: LSI53C1030 A0: Capabilities={Initiator}
[    2.455375] scsi host2: ioc0: LSI53C1030 A0, FwRev=00000000h, Ports=1, MaxQ=256, IRQ=20
[    2.628517] scsi 2:0:0:0: Direct-Access     VBOX     HARDDISK         1.0  PQ: 0 ANSI: 5
[    2.660032] scsi target2:0:0: Beginning Domain Validation
[    2.663461] scsi target2:0:0: Domain Validation skipping write tests
[    2.664598] scsi target2:0:0: Ending Domain Validation
[    2.665650] scsi target2:0:0: asynchronous
[    2.667167] scsi 2:0:1:0: Direct-Access     VBOX     HARDDISK         1.0  PQ: 0 ANSI: 5
[    2.700040] scsi target2:0:1: Beginning Domain Validation
[    2.702701] random: fast init done
[    2.703916] scsi target2:0:1: Domain Validation skipping write tests
[    2.705133] scsi target2:0:1: Ending Domain Validation
[    2.706166] scsi target2:0:1: asynchronous
[    2.711193] random: systemd-udevd: uninitialized urandom read (16 bytes read)
[    2.712475] random: systemd-udevd: uninitialized urandom read (16 bytes read)
[    2.713713] random: systemd-udevd: uninitialized urandom read (16 bytes read)
[    2.715464] sd 2:0:0:0: Attached scsi generic sg0 type 0
[    2.716631] sd 2:0:0:0: [sda] 20971520 512-byte logical blocks: (10.7 GB/10.0 GiB)
[    2.718139] sd 2:0:0:0: [sda] Write Protect is off
[    2.719198] sd 2:0:0:0: [sda] Incomplete mode parameter data
[    2.720231] sd 2:0:0:0: [sda] Assuming drive cache: write through
[    2.722075] sd 2:0:1:0: Attached scsi generic sg1 type 0
[    2.723069] sd 2:0:1:0: [sdb] 20480 512-byte logical blocks: (10.5 MB/10.0 MiB)
[    2.725615] sd 2:0:1:0: [sdb] Write Protect is off
[    2.726680] sd 2:0:1:0: [sdb] Incomplete mode parameter data
[    2.727735] sd 2:0:1:0: [sdb] Assuming drive cache: write through
[    2.730301]  sda: sda1
[    2.732119] sd 2:0:0:0: [sda] Attached SCSI disk
[    2.735999] sd 2:0:1:0: [sdb] Attached SCSI disk
Begin: Loading essential drivers ... [    4.296051] raid6: sse2x1   gen()  8914 MB/s
[    4.344369] raid6: sse2x1   xor()  6581 MB/s
[    4.392235] raid6: sse2x2   gen() 11021 MB/s
[    4.440053] raid6: sse2x2   xor()  7518 MB/s
[    4.488318] raid6: sse2x4   gen() 12849 MB/s
[    4.536057] raid6: sse2x4   xor()  7685 MB/s
[    4.584505] raid6: avx2x1   gen() 18085 MB/s
[    4.632294] raid6: avx2x1   xor() 12049 MB/s
[    4.680141] raid6: avx2x2   gen() 20976 MB/s
[    4.728088] raid6: avx2x2   xor() 12978 MB/s
[    4.776260] raid6: avx2x4   gen() 23916 MB/s
[    4.824087] raid6: avx2x4   xor() 14103 MB/s
[    4.825058] raid6: using algorithm avx2x4 gen() 23916 MB/s
[    4.826281] raid6: .... xor() 14103 MB/s, rmw enabled
[    4.827379] raid6: using avx2x2 recovery algorithm
[    4.829987] xor: automatically using best checksumming function   avx       
[    4.833204] async_tx: api initialized (async)
done.
Begin: Running /scripts/init-premount ... done.
Begin: Mounting root file system ... Begin: Running /scripts/local-top ... done.
Begin: Running /scripts/local-premount ... [    4.884057] Btrfs loaded, crc32c=crc32c-intel
Scanning for Btrfs filesystems
done.
Warning: fsck not present, so skipping root file system
[    4.920638] EXT4-fs (sda1): mounted filesystem with ordered data mode. Opts: (null)
done.
Begin: Running /scripts/local-bottom ... done.
Begin: Running /scripts/init-bottom ... done.
[    5.159948] ip_tables: (C) 2000-2006 Netfilter Core Team
[    5.174780] systemd[1]: systemd 237 running in system mode. (+PAM +AUDIT +SELINUX +IMA +APPARMOR +SMACK +SYSVINIT +UTMP +LIBCRYPTSETUP +GCRYPT +GNUTLS +ACL +XZ +LZ4 +SECCOMP +BLKID +ELFUTILS +KMOD -IDN2 +IDN -PCRE2 default-hierarchy=hybrid)
[    5.179022] systemd[1]: Detected virtualization oracle.
[    5.180175] systemd[1]: Detected architecture x86-64.

Welcome to [1mUbuntu 18.04.2 LTS[0m!

[    5.186288] systemd[1]: Set hostname to <ubuntu>.
[    5.193795] systemd[1]: Initializing machine ID from random generator.
[    5.195452] systemd[1]: Installed transient /etc/machine-id file.
[    5.499396] systemd[1]: Created slice User and Session Slice.
[[0;32m  OK  [0m] Created slice User and Session Slice.
[    5.514028] systemd[1]: Created slice System Slice.
[[0;32m  OK  [0m] Created slice System Slice.
[    5.515659] systemd[1]: Listening on udev Control Socket.
[[0;32m  OK  [0m] Listening on udev Control Socket.
[    5.535090] systemd[1]: Reached target System Time Synchronized.
[[0;32m  OK  [0m] Reached target System Time Synchronized.
[[0;32m  OK  [0m] Listening on Journal Audit Socket.
[[0;32m  OK  [0m] Listening on /dev/initctl Compatibility Named Pipe.
[[0;32m  OK  [0m] Listening on udev Kernel Socket.
[[0;32m  OK  [0m] Listening on Journal Socket.
         Mounting Kernel Debug File System...
         Starting Load Kernel Modules...
[[0;32m  OK  [0m] Started Forward Password Requests to Wall Directory Watch.
[[0;32m  OK  [0m] Reached target User and Group Name Lookups.
         Starting Set the console keyboard layout...
[[0;32m  OK  [0m] Listening on Network Service Netlink Socket.
         Starting Remount Root and Kernel File Systems...
[[0;32m  OK  [0m] Reached target Slices.
[[0;32m  OK  [0m] Listening on Syslog Socket.
[[0;32m  OK  [0m] Listening on LVM2 poll daemon socket.
         Mounting Huge Pages File System...
[[0;32m  OK  [0m] Listening on Device-mapper event daemon FIFOs.
[[0;32m  OK  [0m] Created slice system-serial\x2dgetty.slice.
         Starting udev Coldplug all Devices...
         Starting Create list of required st…ce nodes for the current kernel...
[[0;32m  OK  [0m] Listening on Journal Socket (/dev/log).
         Starting Journal Service...
         Mounting POSIX Message Queue File System...
[    5.589902] Loading iSCSI transport class v2.0-870.
[[0;32m  OK  [0m] Reached target Swap.
         Starting Uncomplicated firewall...
[    5.598311] iscsi: registered transport (tcp)
[[0;32m  OK  [0m] Listening on LVM2 metadata daemon socket.
         Starting Monitoring of LVM2 mirrors…ng dmeventd or progress polling...
[[0;32m  OK  [0m] Set up automount Arbitrary Executab…rmats File System Automount Point.
[[0;32m  OK  [0m] Started Journal Service.
[[0;32m  OK  [0m] Started Create list of required sta…vice nodes for the current kernel.
[[0;32m  OK  [0m] Started Uncomplicated firewall.
         Starting Create Static Device Nodes in /dev...
[    5.734105] iscsi: registered transport (iser)
[[0;32m  OK  [0m] Started Load Kernel Modules.
         Mounting FUSE Control File System...
         Mounting Kernel Configuration File System...
         Starting Apply Kernel Variables...
[[0;32m  OK  [0m] Started udev Coldplug all Devices.
[[0;32m  OK  [0m] Started Create Static Device Nodes in /dev.
[[0;32m  OK  [0m] Started Apply Kernel Variables.
[[0;32m  OK  [0m] Mounted Huge Pages File System.
[[0;32m  OK  [0m] Mounted Kernel Debug File System.
[[0;32m  OK  [0m] Started Remount Root and Kernel File Systems.
[[0;32m  OK  [0m] Mounted POSIX Message Queue File System.
[[0;32m  OK  [0m] Mounted FUSE Control File System.
[[0;32m  OK  [0m] Mounted Kernel Configuration File System.
[[0;32m  OK  [0m] Started LVM2 metadata daemon.
         Starting udev Kernel Device Manager...
         Starting Flush Journal to Persistent Storage...
         Starting Load/Save Random Seed...
[[0;32m  OK  [0m] Started Load/Save Random Seed.
[[0;32m  OK  [0m] Started Monitoring of LVM2 mirrors,…sing dmeventd or progress polling.
[[0;32m  OK  [0m] Started udev Kernel Device Manager.
[[0;32m  OK  [0m] Started Set the console keyboard layout.
[[0;32m  OK  [0m] Started Dispatch Password Requests to Console Directory Watch.
[[0;32m  OK  [0m] Reached target Local Encrypted Volumes.
[[0;32m  OK  [0m] Reached target Local File Systems (Pre).
[[0;32m  OK  [0m] Reached target Local File Systems.
         Starting Commit a transient machine-id on disk...
         Starting ebtables ruleset management...
         Starting AppArmor initialization...
         Starting Tell Plymouth To Write Out Runtime Data...
         Starting Set console font and keymap...
[[0;32m  OK  [0m] Started Flush Journal to Persistent Storage.
         Starting Create Volatile Files and Directories...
[[0;32m  OK  [0m] Started Set console font and keymap.
[[0;32m  OK  [0m] Started Tell Plymouth To Write Out Runtime Data.
[[0;32m  OK  [0m] Started Create Volatile Files and Directories.
         Starting Update UTMP about System Boot/Shutdown...
[[0;32m  OK  [0m] Started Commit a transient machine-id on disk.
[[0;32m  OK  [0m] Started Update UTMP about System Boot/Shutdown.
[[0;32m  OK  [0m] Started ebtables ruleset management.
[[0;32m  OK  [0m] Found device /dev/ttyS0.
[[0;32m  OK  [0m] Listening on Load/Save RF Kill Switch Status /dev/rfkill Watch.
[[0;32m  OK  [0m] Started AppArmor initialization.
         Starting Initial cloud-init job (pre-networking)...
[    9.789335] cloud-init[534]: Cloud-init v. 18.5-45-g3554ffe8-0ubuntu1~18.04.1 running 'init-local' at Thu, 16 May 2019 12:00:43 +0000. Up 9.38 seconds.
[[0;32m  OK  [0m] Started Initial cloud-init job (pre-networking).
[[0;32m  OK  [0m] Reached target Network (Pre).
         Starting Network Service...
[[0;32m  OK  [0m] Started Network Service.
         Starting Wait for Network to be Configured...
         Starting Network Name Resolution...
[[0;32m  OK  [0m] Started Network Name Resolution.
[[0;32m  OK  [0m] Reached target Host and Network Name Lookups.
[[0;32m  OK  [0m] Reached target Network.
[[0;32m  OK  [0m] Started Wait for Network to be Configured.
         Starting Initial cloud-init job (metadata service crawler)...
[   12.239961] cloud-init[635]: Cloud-init v. 18.5-45-g3554ffe8-0ubuntu1~18.04.1 running 'init' at Thu, 16 May 2019 12:00:46 +0000. Up 12.00 seconds.
[   12.243717] cloud-init[635]: ci-info: ++++++++++++++++++++++++++++++++++++++Net device info++++++++++++++++++++++++++++++++++++++
[   12.246282] cloud-init[635]: ci-info: +--------+------+----------------------------+---------------+--------+-------------------+
[   12.248902] cloud-init[635]: ci-info: | Device |  Up  |          Address           |      Mask     | Scope  |     Hw-Address    |
[   12.251248] cloud-init[635]: ci-info: +--------+------+----------------------------+---------------+--------+-------------------+
[   12.253736] cloud-init[635]: ci-info: | enp0s3 | True |         10.0.2.15          | 255.255.255.0 | global | 02:86:97:5e:66:88 |
[   12.255867] cloud-init[635]: ci-info: | enp0s3 | True | fe80::86:97ff:fe5e:6688/64 |       .       |  link  | 02:86:97:5e:66:88 |
[   12.257892] cloud-init[635]: ci-info: |   lo   | True |         127.0.0.1          |   255.0.0.0   |  host  |         .         |
[   12.259783] cloud-init[635]: ci-info: |   lo   | True |          ::1/128           |       .       |  host  |         .         |
[   12.262230] cloud-init[635]: ci-info: +--------+------+----------------------------+---------------+--------+-------------------+
[   12.264783] cloud-init[635]: ci-info: ++++++++++++++++++++++++++++Route IPv4 info+++++++++++++++++++++++++++++
[   12.266308] cloud-init[635]: ci-info: +-------+-------------+----------+-----------------+-----------+-------+
[   12.268199] cloud-init[635]: ci-info: | Route | Destination | Gateway  |     Genmask     | Interface | Flags |
[   12.269936] cloud-init[635]: ci-info: +-------+-------------+----------+-----------------+-----------+-------+
[   12.271869] cloud-init[635]: ci-info: |   0   |   0.0.0.0   | 10.0.2.2 |     0.0.0.0     |   enp0s3  |   UG  |
[   12.273441] cloud-init[635]: ci-info: |   1   |   10.0.2.0  | 0.0.0.0  |  255.255.255.0  |   enp0s3  |   U   |
[   12.274997] cloud-init[635]: ci-info: |   2   |   10.0.2.2  | 0.0.0.0  | 255.255.255.255 |   enp0s3  |   UH  |
[   12.276471] cloud-init[635]: ci-info: +-------+-------------+----------+-----------------+-----------+-------+
[   12.277927] cloud-init[635]: ci-info: +++++++++++++++++++Route IPv6 info+++++++++++++++++++
[   12.288329] cloud-init[635]: ci-info: +-------+-------------+---------+-----------+-------+
[   12.289642] cloud-init[635]: ci-info: | Route | Destination | Gateway | Interface | Flags |
[   12.291047] cloud-init[635]: ci-info: +-------+-------------+---------+-----------+-------+
[   12.292646] cloud-init[635]: ci-info: |   1   |  fe80::/64  |    ::   |   enp0s3  |   U   |
[   12.294268] cloud-init[635]: ci-info: |   3   |    local    |    ::   |   enp0s3  |   U   |
[   12.295748] cloud-init[635]: ci-info: |   4   |   ff00::/8  |    ::   |   enp0s3  |   U   |
[   12.297415] cloud-init[635]: ci-info: +-------+-------------+---------+-----------+-------+
[   13.096971] cloud-init[635]: Generating public/private rsa key pair.
[   13.098064] cloud-init[635]: Your identification has been saved in /etc/ssh/ssh_host_rsa_key.
[   13.099852] cloud-init[635]: Your public key has been saved in /etc/ssh/ssh_host_rsa_key.pub.
[   13.101368] cloud-init[635]: The key fingerprint is:
[   13.102469] cloud-init[635]: SHA256:t4VFkJ6L4y4HvkLM8vfnDVUbhRNJRNA5l9Pj/RMmc6Y root@ubuntu-bionic
[   13.104170] cloud-init[635]: The key's randomart image is:
[   13.105047] cloud-init[635]: +---[RSA 2048]----+
[   13.105965] cloud-init[635]: |          .oo*==+|
[   13.107071] cloud-init[635]: |          ..  B=o|
[   13.108054] cloud-init[635]: |         . .. +++|
[   13.109093] cloud-init[635]: |          oo + O.|
[   13.110071] cloud-init[635]: |   o    S.o.o O o|
[   13.110893] cloud-init[635]: |  . + . o..+ E ..|
[   13.121069] cloud-init[635]: |   + . o .o     .|
[   13.121937] cloud-init[635]: |    o + o .o     |
[   13.122893] cloud-init[635]: |     o.*oo. .    |
[   13.123966] cloud-init[635]: +----[SHA256]-----+
[   13.124964] cloud-init[635]: Generating public/private dsa key pair.
[   13.126393] cloud-init[635]: Your identification has been saved in /etc/ssh/ssh_host_dsa_key.
[   13.128007] cloud-init[635]: Your public key has been saved in /etc/ssh/ssh_host_dsa_key.pub.
[   13.129554] cloud-init[635]: The key fingerprint is:
[   13.130632] cloud-init[635]: SHA256:A2XxRKSkatuNKyKQConCUxGN8oDx9Y7OAX6fcdN4FAc root@ubuntu-bionic
[   13.132472] cloud-init[635]: The key's randomart image is:
[   13.133606] cloud-init[635]: +---[DSA 1024]----+
[   13.134603] cloud-init[635]: |o. .=   =+E..    |
[   13.135417] cloud-init[635]: |.+ + o = + o     |
[   13.136381] cloud-init[635]: |  * . + . o      |
[   13.137312] cloud-init[635]: | . + + . +       |
[   13.148410] cloud-init[635]: |ooo * o S o      |
[   13.149493] cloud-init[635]: |Bo = = * +       |
[   13.160226] cloud-init[635]: |= . + = .        |
[   13.161172] cloud-init[635]: |o . .  .         |
[   13.162098] cloud-init[635]: | . . ..          |
[   13.163156] cloud-init[635]: +----[SHA256]-----+
[   13.164344] cloud-init[635]: Generating public/private ecdsa key pair.
[   13.165951] cloud-init[635]: Your identification has been saved in /etc/ssh/ssh_host_ecdsa_key.
[   13.167939] cloud-init[635]: Your public key has been saved in /etc/ssh/ssh_host_ecdsa_key.pub.
[   13.169973] cloud-init[635]: The key fingerprint is:
[   13.171281] cloud-init[635]: SHA256:YjsSZRpy9IFHVFYc17MDm/PLLv6D9vh8PBA/n1NJTug root@ubuntu-bionic
[   13.173397] cloud-init[635]: The key's randomart image is:
[   13.174820] cloud-init[635]: +---[ECDSA 256]---+
[   13.176112] cloud-init[635]: |    .++.ooo...   |
[   13.177499] cloud-init[635]: |   ....o  ... o  |
[   13.178776] cloud-init[635]: |  . o.+      +.o |
[   13.180136] cloud-init[635]: |   o =      +ooo |
[   13.181291] cloud-init[635]: |    o o S   .o*..|[[0;32m  OK  [0m] Started Initial cloud-init job (metadata service crawler).
[[0;32m  OK  [0m] Reached target Cloud-config availability.
[[0;32m  OK  [0m] Reached target System Initialization.
[[0;32m  OK  [0m] Listening on ACPID Listen Socket.
[[0;32m  OK  [0m] Listening on UUID daemon activation socket.

[[0;32m  OK  [0m] Started ACPI Events Check.
[[0;32m  OK  [0m] Reached target Paths.
[   13.190051] cloud-init[635]: |     o o     E.=.|
[   13.193355] cloud-init[635]: |    . o      o.o=|
         Starting Socket activation for snappy daemon.
[[0;32m  OK  [0m] Listening on Open-iSCSI iscsid Socket.
[[0;32m  OK  [0m] Started Message of the Day.
[[0;32m  OK  [0m] Listening on D-Bus System Message Bus Socket.
[[0;32m  OK  [0m] Started Daily apt download activities.
[   13.207135] [[0;32m  OK  [0m] Started Daily apt upgrade and clean activities.
[[0;32m  OK  [0m] Started Daily Cleanup of Temporary Directories.
cloud-init[635]: |     . .    +o+++|
         Starting LXD - unix socket.
[[0;32m  OK  [0m] Started Discard unused blocks once a week.
[[0;32m  OK  [0m] Reached target Timers.
[[0;32m  OK  [0m] Reached target Network is Online.
         Starting Availability of block devices...
[[0;32m  OK  [0m] Reached target Remote File Systems (Pre).
[[0;32m  OK  [0m] Reached target Remote File Systems.
[[0;32m  OK  [0m] Listening on Socket activation for snappy daemon.
[[0;32m  OK  [0m] Listening on LXD - unix socket.
[[0;32m  OK  [0m] Reached target Sockets.
[[0;32m  OK  [0m] Reached target Basic System.
[   13.229712] cloud-init[635]: |           oo**oo|         Starting Virtualbox guest utils...

[   13.232628] cloud-init[635]: +----[SHA256]-----+
[   13.233743] [[0;32m  OK  [0m] Started FUSE filesystem for LXC.
         Starting Accounts Service...
cloud-init[635]: Generating public/private ed25519 key pair.
[   13.241249] cloud-init[635]: Your identification has been saved in /etc/ssh/ssh_host_ed25519_key.         Starting Login Service...
[[0;32m  OK  [0m] Started D-Bus System Message Bus.

[   13.250338] cloud-init[635]: Your public key has been saved in /etc/ssh/ssh_host_ed25519_key.pub.
[   13.256224] cloud-init[635]: The key fingerprint is:
[   13.257400] cloud-init[635]: SHA256:N1Y7PQZ6Y8ZUg4EGCC7QhTmbbjxWZXxZCY/dFMy7ZZ0 root@ubuntu-bionic
[   13.259358] cloud-init[635]: The key's randomart image is:
[   13.260654] cloud-init[635]: +--[ED25519 256]--+
[   13.261856] cloud-init[635]: |.. +oo .o=.=++o  |
[   13.263025] cloud-init[635]: | .=.  = o++o+. . |
[   13.264366] cloud-init[635]: |  .+.o ...o =. ..|
[   13.266392] cloud-init[635]: |  o..      =.+oE.|
[   13.267552] cloud-init[635]: | o .    S = O++  |
[   13.268938] cloud-init[635]: |  *      o =.+ . |
[   13.269937] cloud-init[635]: | o .             |
[   13.271199] cloud-init[635]: |                 |
[   13.272738] cloud-init[635]: |                 |
[   13.274163] cloud-init[635]: +----[SHA256]-----+
         Starting LXD - container startup/shutdown...
         Starting System Logging Service...
         Starting LSB: Record successful boot for GRUB...
[[0;32m  OK  [0m] Started Deferred execution scheduler.
         Starting Snappy daemon...
[[0;32m  OK  [0m] Started Regular background program processing daemon.
[[0;32m  OK  [0m] Started irqbalance daemon.
         Starting LSB: automatic crash report generation...
         Starting Dispatcher daemon for systemd-networkd...
         Starting Permit User Sessions...
         Starting Pollinate to seed the pseudo random number generator...
[[0;32m  OK  [0m] Started System Logging Service.
[[0;32m  OK  [0m] Started Availability of block devices.
[[0;32m  OK  [0m] Started Login Service.
[[0;32m  OK  [0m] Started Unattended Upgrades Shutdown.
[[0;32m  OK  [0m] Started Permit User Sessions.
         Starting Terminate Plymouth Boot Screen...
         Starting Hold until boot process finishes up...
         Starting Authorization Manager...
[[0;32m  OK  [0m] Started Hold until boot process finishes up.
         Starting Set console scheme...
[[0;32m  OK  [0m] Started Serial Getty on ttyS0.
[[0;32m  OK  [0m] Started Terminate Plymouth Boot Screen.
[[0;32m  OK  [0m] Started Set console scheme.
[[0;32m  OK  [0m] Created slice system-getty.slice.
[[0;32m  OK  [0m] Started Getty on tty1.
[[0;32m  OK  [0m] Reached target Login Prompts.
[[0;32m  OK  [0m] Started LSB: Record successful boot for GRUB.
[[0;32m  OK  [0m] Started LSB: automatic crash report generation.
[[0;32m  OK  [0m] Started Authorization Manager.
[[0;32m  OK  [0m] Started Accounts Service.
[[0;32m  OK  [0m] Started Virtualbox guest utils.
[[0;32m  OK  [0m] Started LXD - container startup/shutdown.
[[0;32m  OK  [0m] Started Dispatcher daemon for systemd-networkd.
[[0;32m  OK  [0m] Started Snappy daemon.
         Starting Wait until snapd is fully seeded...
[[0;32m  OK  [0m] Started Pollinate to seed the pseudo random number generator.
         Starting OpenBSD Secure Shell server...
[[0;32m  OK  [0m] Started OpenBSD Secure Shell server.
[[0;32m  OK  [0m] Created slice User Slice of vagrant.
         Starting User Manager for UID 1000...
[[0;32m  OK  [0m] Started Session 1 of user vagrant.
[[0;32m  OK  [0m] Started User Manager for UID 1000.
[[0;32m  OK  [0m] Started Wait until snapd is fully seeded.
         Starting Apply the settings specified in cloud-config...
[[0;32m  OK  [0m] Reached target Multi-User System.
[[0;32m  OK  [0m] Reached target Graphical Interface.
         Starting Update UTMP about System Runlevel Changes...
[[0;32m  OK  [0m] Started Update UTMP about System Runlevel Changes.
[   19.234905] cloud-init[1251]: Cloud-init v. 18.5-45-g3554ffe8-0ubuntu1~18.04.1 running 'modules:config' at Thu, 16 May 2019 12:00:52 +0000. Up 18.69 seconds.

Ubuntu 18.04.2 LTS ubuntu-bionic ttyS0

ubuntu-bionic login: ci-info: no authorized ssh keys fingerprints found for user ubuntu.
<14>May 16 12:00:54 ec2: 
<14>May 16 12:00:54 ec2: #############################################################
<14>May 16 12:00:54 ec2: -----BEGIN SSH HOST KEY FINGERPRINTS-----
<14>May 16 12:00:54 ec2: 1024 SHA256:A2XxRKSkatuNKyKQConCUxGN8oDx9Y7OAX6fcdN4FAc root@ubuntu-bionic (DSA)
<14>May 16 12:00:54 ec2: 256 SHA256:YjsSZRpy9IFHVFYc17MDm/PLLv6D9vh8PBA/n1NJTug root@ubuntu-bionic (ECDSA)
<14>May 16 12:00:54 ec2: 256 SHA256:N1Y7PQZ6Y8ZUg4EGCC7QhTmbbjxWZXxZCY/dFMy7ZZ0 root@ubuntu-bionic (ED25519)
<14>May 16 12:00:54 ec2: 2048 SHA256:t4VFkJ6L4y4HvkLM8vfnDVUbhRNJRNA5l9Pj/RMmc6Y root@ubuntu-bionic (RSA)
<14>May 16 12:00:54 ec2: -----END SSH HOST KEY FINGERPRINTS-----
<14>May 16 12:00:54 ec2: #############################################################
-----BEGIN SSH HOST KEY KEYS-----
ecdsa-sha2-nistp256 AAAAE2VjZHNhLXNoYTItbmlzdHAyNTYAAAAIbmlzdHAyNTYAAABBBHX7g6bS13Bdun6jrNNot7PR+kXfw4czMBp+J0iXiHMgOjwp9h7YUi2U3ykQ2sEEamON2pZa9RP7kIvaUbMMG5s= root@ubuntu-bionic
ssh-ed25519 AAAAC3NzaC1lZDI1NTE5AAAAIJUyEpPfxnEXyDA2zk9bNvufOUf1gX42HOEn5QDKDLlv root@ubuntu-bionic
ssh-rsa AAAAB3NzaC1yc2EAAAADAQABAAABAQCy9TdtIcjNSa0Mrq5uFOfXSwthlW24HbozCSAh1lev3sL7qYoKdlbtkYGk4QSGQ6VIzVzHeKfIFEF4GDvggIU4gehd6LBL5jM7e6ojKJKN/XfIAMh23L3q6537I98c7+ebVyaSvn9ZGUwCWh0Slg6M+ofwWlkvb4+sSwNmPBhAZOoEGZgNkn4mKF/EwcNA8+kA2XU/zd4JV6Fpm17V/+hLojKyiBlnJWyaZBvokb3NbeFQ6KbsEQfOI01pXCNEWHIHA04mzeQaCqOO86EBtXGlxb1kY0FalHerZ85SGG+OkZEJIi8V1sl6AioiSfWPNUg1oHiCtQiLRPMC9BkH1bYd root@ubuntu-bionic
-----END SSH HOST KEY KEYS-----
[   20.021385] cloud-init[1434]: Cloud-init v. 18.5-45-g3554ffe8-0ubuntu1~18.04.1 running 'modules:final' at Thu, 16 May 2019 12:00:54 +0000. Up 19.81 seconds.
[   20.024089] cloud-init[1434]: ci-info: no authorized ssh keys fingerprints found for user ubuntu.
[   20.026351] cloud-init[1434]: Cloud-init v. 18.5-45-g3554ffe8-0ubuntu1~18.04.1 finished at Thu, 16 May 2019 12:00:54 +0000. Datasource DataSourceNoCloud [seed=/dev/sdb][dsmode=net].  Up 20.00 seconds
[ 4701.797650] Out of memory: Kill process 11820 (node) score 700 or sacrifice child
[ 4701.800773] Killed process 11820 (node) total-vm:1874060kB, anon-rss:696136kB, file-rss:0kB, shmem-rss:0kB
[[0;32m  OK  [0m] Stopped target Graphical Interface.
[[0;32m  OK  [0m] Closed Load/Save RF Kill Switch Status /dev/rfkill Watch.
         Stopping Session 22 of user vagrant.
[[0;32m  OK  [0m] Stopped target Timers.
[[0;32m  OK  [0m] Stopped target Host and Network Name Lookups.
[[0;32m  OK  [0m] Stopped Daily apt upgrade and clean activities.
[[0;32m  OK  [0m] Stopped Daily apt download activities.
[[0;32m  OK  [0m] Stopped Discard unused blocks once a week.
[[0;32m  OK  [0m] Stopped target System Time Synchronized.
         Stopping User Manager for UID 1000...
         Stopping Authorization Manager...
         Stopping Availability of block devices...
[[0;32m  OK  [0m] Stopped Message of the Day.
[[0;32m  OK  [0m] Stopped target Cloud-init target.
[[0;32m  OK  [0m] Stopped Execute cloud user/final scripts.
[[0;32m  OK  [0m] Stopped target Multi-User System.
         Stopping Regular background program processing daemon...
         Stopping Virtualbox guest utils...
         Stopping Dispatcher daemon for systemd-networkd...
         Stopping Deferred execution scheduler...
         Stopping LSB: automatic crash report generation...
         Stopping System Logging Service...
         Stopping OpenBSD Secure Shell server...
         Stopping irqbalance daemon...
[[0;32m  OK  [0m] Stopped Apply the settings specified in cloud-config.
[[0;32m  OK  [0m] Stopped target Cloud-config availability.
[[0;32m  OK  [0m] Stopped Wait until snapd is fully seeded.
[[0;32m  OK  [0m] Stopped target Network is Online.
         Stopping Unattended Upgrades Shutdown...
         Stopping Accounts Service...
         Stopping LXD - container startup/shutdown...
         Stopping D-Bus System Message Bus...
         Stopping FUSE filesystem for LXC...
[[0;32m  OK  [0m] Stopped Daily Cleanup of Temporary Directories.
         Stopping LSB: Record successful boot for GRUB...
[[0;32m  OK  [0m] Stopped target Login Prompts.
         Stopping Serial Getty on ttyS0...
         Stopping Getty on tty1...
[[0;32m  OK  [0m] Stopped Deferred execution scheduler.
[[0;32m  OK  [0m] Stopped Regular background program processing daemon.
[[0;32m  OK  [0m] Stopped irqbalance daemon.
[[0;32m  OK  [0m] Stopped Dispatcher daemon for systemd-networkd.
[[0;32m  OK  [0m] Stopped OpenBSD Secure Shell server.
[[0;32m  OK  [0m] Stopped User Manager for UID 1000.
[[0;32m  OK  [0m] Stopped Session 22 of user vagrant.
[[0;32m  OK  [0m] Removed slice User Slice of vagrant.
[[0;32m  OK  [0m] Stopped Authorization Manager.
[[0;32m  OK  [0m] Stopped Getty on tty1.
[[0;32m  OK  [0m] Stopped Serial Getty on ttyS0.
[[0;32m  OK  [0m] Removed slice system-serial\x2dgetty.slice.
[[0;32m  OK  [0m] Removed slice system-getty.slice.
         Stopping Permit User Sessions...
[[0;32m  OK  [0m] Stopped Accounts Service.
[[0;32m  OK  [0m] Unmounted /run/user/1000.
[[0;32m  OK  [0m] Unmounted /var/lib/lxcfs.
[[0;32m  OK  [0m] Stopped System Logging Service.
[[0;32m  OK  [0m] Stopped LXD - container startup/shutdown.
[[0;32m  OK  [0m] Stopped D-Bus System Message Bus.
[[0;32m  OK  [0m] Stopped Permit User Sessions.
[[0;32m  OK  [0m] Stopped FUSE filesystem for LXC.
[[0;32m  OK  [0m] Stopped Unattended Upgrades Shutdown.
[[0;32m  OK  [0m] Stopped Availability of block devices.
[[0;32m  OK  [0m] Stopped target Network.
         Stopping Network Name Resolution...
         Stopping Login Service...
[[0;32m  OK  [0m] Stopped Network Name Resolution.
[[0;32m  OK  [0m] Stopped LSB: automatic crash report generation.
[[0;32m  OK  [0m] Stopped LSB: Record successful boot for GRUB.
[[0;32m  OK  [0m] Stopped target Remote File Systems.
[[0;32m  OK  [0m] Stopped target Remote File Systems (Pre).
[[0;32m  OK  [0m] Stopped Virtualbox guest utils.
[[0;32m  OK  [0m] Stopped Login Service.
[[0;32m  OK  [0m] Stopped target User and Group Name Lookups.
[[0;32m  OK  [0m] Stopped target Basic System.
[[0;32m  OK  [0m] Stopped target Paths.
[[0;32m  OK  [0m] Stopped ACPI Events Check.
[[0;32m  OK  [0m] Stopped target Sockets.
[[0;32m  OK  [0m] Closed LXD - unix socket.
[[0;32m  OK  [0m] Closed D-Bus System Message Bus Socket.
[[0;32m  OK  [0m] Closed Open-iSCSI iscsid Socket.
[[0;32m  OK  [0m] Closed UUID daemon activation socket.
[[0;32m  OK  [0m] Closed Socket activation for snappy daemon.
[[0;32m  OK  [0m] Closed Syslog Socket.
[[0;32m  OK  [0m] Closed ACPID Listen Socket.
[[0;32m  OK  [0m] Stopped target Slices.
[[0;32m  OK  [0m] Removed slice User and Session Slice.
[[0;32m  OK  [0m] Stopped target System Initialization.
[[0;32m  OK  [0m] Stopped target Swap.
[[0;32m  OK  [0m] Stopped target Local Encrypted Volumes.
[[0;32m  OK  [0m] Stopped Dispatch Password Requests to Console Directory Watch.
[[0;32m  OK  [0m] Stopped Forward Password Requests to Wall Directory Watch.
         Stopping Update UTMP about System Boot/Shutdown...
[[0;32m  OK  [0m] Stopped Commit a transient machine-id on disk.
[[0;32m  OK  [0m] Stopped Initial cloud-init job (metadata service crawler).
[[0;32m  OK  [0m] Stopped Wait for Network to be Configured.
         Stopping Network Service...
         Stopping Load/Save Random Seed...
[[0;32m  OK  [0m] Stopped Load/Save Random Seed.
[[0;32m  OK  [0m] Stopped Update UTMP about System Boot/Shutdown.
[[0;32m  OK  [0m] Stopped Create Volatile Files and Directories.
[[0;32m  OK  [0m] Stopped target Local File Systems.
         Unmounting /vagrant...
[[0;32m  OK  [0m] Stopped Network Service.
[[0;32m  OK  [0m] Stopped target Network (Pre).
[[0;32m  OK  [0m] Stopped Initial cloud-init job (pre-networking).
[[0;32m  OK  [0m] Stopped Apply Kernel Variables.
[[0;32m  OK  [0m] Stopped Load Kernel Modules.
[[0;32m  OK  [0m] Unmounted /vagrant.
[[0;32m  OK  [0m] Reached target Unmount All Filesystems.
[[0;32m  OK  [0m] Stopped target Local File Systems (Pre).
[[0;32m  OK  [0m] Stopped Create Static Device Nodes in /dev.
         Stopping Monitoring of LVM2 mirrors…ng dmeventd or progress polling...
[[0;32m  OK  [0m] Stopped Remount Root and Kernel File Systems.
[[0;32m  OK  [0m] Reached target Shutdown.
[[0;32m  OK  [0m] Reached target Final Step.
         Starting Power-Off...
[13722.022320] reboot: Power down
